0 verbose cli D:\nodejs\node.exe D:\nodejs\node_modules\npm\bin\npm-cli.js
1 info using npm@10.9.2
2 info using node@v22.16.0
3 silly config load:file:D:\nodejs\node_modules\npm\npmrc
4 silly config load:file:D:\CODE\qrpo\frontend\.npmrc
5 silly config load:file:C:\Users\willi\.npmrc
6 silly config load:file:D:\npm-global\etc\npmrc
7 verbose title npm install chart.js react-chartjs-2
8 verbose argv "install" "chart.js" "react-chartjs-2"
9 verbose logfile logs-max:10 dir:D:\CODE\qrpo\frontend\.npm-cache\_logs\2025-10-26T22_09_55_527Z-
10 verbose logfile D:\CODE\qrpo\frontend\.npm-cache\_logs\2025-10-26T22_09_55_527Z-debug-0.log
11 silly logfile done cleaning log files
12 silly packumentCache heap:4345298944 maxSize:1086324736 maxEntrySize:543162368
13 silly idealTree buildDeps
14 silly fetch manifest chart.js@*
15 silly packumentCache full:https://registry.npmjs.org/chart.js cache-miss
16 http fetch GET 200 https://registry.npmjs.org/chart.js 291ms (cache miss)
17 silly packumentCache full:https://registry.npmjs.org/chart.js set size:undefined disposed:false
18 silly fetch manifest react-chartjs-2@*
19 silly packumentCache full:https://registry.npmjs.org/react-chartjs-2 cache-miss
20 http fetch GET 200 https://registry.npmjs.org/react-chartjs-2 63ms (cache miss)
21 silly packumentCache full:https://registry.npmjs.org/react-chartjs-2 set size:undefined disposed:false
22 silly fetch manifest react@18.2.0
23 silly packumentCache full:https://registry.npmjs.org/react cache-miss
24 http fetch GET 200 https://registry.npmjs.org/react 87ms (cache revalidated)
25 silly packumentCache full:https://registry.npmjs.org/react set size:6198924 disposed:false
26 silly placeDep ROOT chart.js@4.5.1 OK for: qrpo-frontend@1.0.0 want: *
27 silly placeDep ROOT react-chartjs-2@5.3.0 OK for: qrpo-frontend@1.0.0 want: *
28 silly fetch manifest @kurkle/color@^0.3.0
29 silly packumentCache full:https://registry.npmjs.org/@kurkle%2fcolor cache-miss
30 http fetch GET 200 https://registry.npmjs.org/@kurkle%2fcolor 147ms (cache miss)
31 silly packumentCache full:https://registry.npmjs.org/@kurkle%2fcolor set size:undefined disposed:false
32 silly placeDep ROOT @kurkle/color@0.3.4 OK for: chart.js@4.5.1 want: ^0.3.0
33 silly reify moves {}
34 silly audit bulk request {
34 silly audit   '@alloc/quick-lru': [ '5.2.0' ],
34 silly audit   '@emnapi/core': [ '1.6.0' ],
34 silly audit   '@emnapi/runtime': [ '1.6.0' ],
34 silly audit   '@emnapi/wasi-threads': [ '1.1.0' ],
34 silly audit   '@eslint-community/eslint-utils': [ '4.9.0' ],
34 silly audit   '@eslint-community/regexpp': [ '4.12.2' ],
34 silly audit   '@eslint/eslintrc': [ '2.1.4' ],
34 silly audit   '@eslint/js': [ '8.57.0' ],
34 silly audit   '@humanwhocodes/config-array': [ '0.11.14' ],
34 silly audit   '@humanwhocodes/module-importer': [ '1.0.1' ],
34 silly audit   '@humanwhocodes/object-schema': [ '2.0.3' ],
34 silly audit   '@isaacs/cliui': [ '8.0.2' ],
34 silly audit   'ansi-regex': [ '6.2.2', '5.0.1' ],
34 silly audit   'strip-ansi': [ '7.1.2', '6.0.1' ],
34 silly audit   '@jridgewell/gen-mapping': [ '0.3.13' ],
34 silly audit   '@jridgewell/resolve-uri': [ '3.1.2' ],
34 silly audit   '@jridgewell/sourcemap-codec': [ '1.5.5' ],
34 silly audit   '@jridgewell/trace-mapping': [ '0.3.31' ],
34 silly audit   '@napi-rs/wasm-runtime': [ '0.2.12' ],
34 silly audit   '@next/env': [ '14.2.5' ],
34 silly audit   '@next/eslint-plugin-next': [ '14.2.5' ],
34 silly audit   '@next/swc-darwin-arm64': [ '14.2.5' ],
34 silly audit   '@next/swc-darwin-x64': [ '14.2.5' ],
34 silly audit   '@next/swc-linux-arm64-gnu': [ '14.2.5' ],
34 silly audit   '@next/swc-linux-arm64-musl': [ '14.2.5' ],
34 silly audit   '@next/swc-linux-x64-gnu': [ '14.2.5' ],
34 silly audit   '@next/swc-linux-x64-musl': [ '14.2.5' ],
34 silly audit   '@next/swc-win32-arm64-msvc': [ '14.2.5' ],
34 silly audit   '@next/swc-win32-ia32-msvc': [ '14.2.5' ],
34 silly audit   '@next/swc-win32-x64-msvc': [ '14.2.5' ],
34 silly audit   '@nodelib/fs.scandir': [ '2.1.5' ],
34 silly audit   '@nodelib/fs.stat': [ '2.0.5' ],
34 silly audit   '@nodelib/fs.walk': [ '1.2.8' ],
34 silly audit   '@nolyfill/is-core-module': [ '1.0.39' ],
34 silly audit   '@pkgjs/parseargs': [ '0.11.0' ],
34 silly audit   '@rtsao/scc': [ '1.1.0' ],
34 silly audit   '@rushstack/eslint-patch': [ '1.14.1' ],
34 silly audit   '@swc/counter': [ '0.1.3' ],
34 silly audit   '@swc/helpers': [ '0.5.5' ],
34 silly audit   '@tybys/wasm-util': [ '0.10.1' ],
34 silly audit   '@types/json5': [ '0.0.29' ],
34 silly audit   '@types/node': [ '20.12.7' ],
34 silly audit   '@types/prop-types': [ '15.7.15' ],
34 silly audit   '@types/react': [ '18.2.66' ],
34 silly audit   '@types/scheduler': [ '0.26.0' ],
34 silly audit   '@typescript-eslint/parser': [ '7.2.0' ],
34 silly audit   '@typescript-eslint/scope-manager': [ '7.2.0' ],
34 silly audit   '@typescript-eslint/types': [ '7.2.0' ],
34 silly audit   '@typescript-eslint/typescript-estree': [ '7.2.0' ],
34 silly audit   'brace-expansion': [ '2.0.2', '1.1.12' ],
34 silly audit   minimatch: [ '9.0.3', '9.0.5', '3.1.2' ],
34 silly audit   '@typescript-eslint/visitor-keys': [ '7.2.0' ],
34 silly audit   '@ungap/structured-clone': [ '1.3.0' ],
34 silly audit   '@unrs/resolver-binding-android-arm-eabi': [ '1.11.1' ],
34 silly audit   '@unrs/resolver-binding-android-arm64': [ '1.11.1' ],
34 silly audit   '@unrs/resolver-binding-darwin-arm64': [ '1.11.1' ],
34 silly audit   '@unrs/resolver-binding-darwin-x64': [ '1.11.1' ],
34 silly audit   '@unrs/resolver-binding-freebsd-x64': [ '1.11.1' ],
34 silly audit   '@unrs/resolver-binding-linux-arm-gnueabihf': [ '1.11.1' ],
34 silly audit   '@unrs/resolver-binding-linux-arm-musleabihf': [ '1.11.1' ],
34 silly audit   '@unrs/resolver-binding-linux-arm64-gnu': [ '1.11.1' ],
34 silly audit   '@unrs/resolver-binding-linux-arm64-musl': [ '1.11.1' ],
34 silly audit   '@unrs/resolver-binding-linux-ppc64-gnu': [ '1.11.1' ],
34 silly audit   '@unrs/resolver-binding-linux-riscv64-gnu': [ '1.11.1' ],
34 silly audit   '@unrs/resolver-binding-linux-riscv64-musl': [ '1.11.1' ],
34 silly audit   '@unrs/resolver-binding-linux-s390x-gnu': [ '1.11.1' ],
34 silly audit   '@unrs/resolver-binding-linux-x64-gnu': [ '1.11.1' ],
34 silly audit   '@unrs/resolver-binding-linux-x64-musl': [ '1.11.1' ],
34 silly audit   '@unrs/resolver-binding-wasm32-wasi': [ '1.11.1' ],
34 silly audit   '@unrs/resolver-binding-win32-arm64-msvc': [ '1.11.1' ],
34 silly audit   '@unrs/resolver-binding-win32-ia32-msvc': [ '1.11.1' ],
34 silly audit   '@unrs/resolver-binding-win32-x64-msvc': [ '1.11.1' ],
34 silly audit   acorn: [ '8.15.0' ],
34 silly audit   'acorn-jsx': [ '5.3.2' ],
34 silly audit   ajv: [ '6.12.6' ],
34 silly audit   'ansi-styles': [ '4.3.0', '6.2.3' ],
34 silly audit   'any-promise': [ '1.3.0' ],
34 silly audit   anymatch: [ '3.1.3' ],
34 silly audit   arg: [ '5.0.2' ],
34 silly audit   argparse: [ '2.0.1' ],
34 silly audit   'aria-query': [ '5.3.2' ],
34 silly audit   'array-buffer-byte-length': [ '1.0.2' ],
34 silly audit   'array-includes': [ '3.1.9' ],
34 silly audit   'array-union': [ '2.1.0' ],
34 silly audit   'array.prototype.findlast': [ '1.2.5' ],
34 silly audit   'array.prototype.findlastindex': [ '1.2.6' ],
34 silly audit   'array.prototype.flat': [ '1.3.3' ],
34 silly audit   'array.prototype.flatmap': [ '1.3.3' ],
34 silly audit   'array.prototype.tosorted': [ '1.1.4' ],
34 silly audit   'arraybuffer.prototype.slice': [ '1.0.4' ],
34 silly audit   'ast-types-flow': [ '0.0.8' ],
34 silly audit   'async-function': [ '1.0.0' ],
34 silly audit   autoprefixer: [ '10.4.20' ],
34 silly audit   'available-typed-arrays': [ '1.0.7' ],
34 silly audit   'axe-core': [ '4.11.0' ],
34 silly audit   'axobject-query': [ '4.1.0' ],
34 silly audit   'balanced-match': [ '1.0.2' ],
34 silly audit   'baseline-browser-mapping': [ '2.8.20' ],
34 silly audit   'binary-extensions': [ '2.3.0' ],
34 silly audit   braces: [ '3.0.3' ],
34 silly audit   browserslist: [ '4.27.0' ],
34 silly audit   busboy: [ '1.6.0' ],
34 silly audit   'call-bind': [ '1.0.8' ],
34 silly audit   'call-bind-apply-helpers': [ '1.0.2' ],
34 silly audit   'call-bound': [ '1.0.4' ],
34 silly audit   callsites: [ '3.1.0' ],
34 silly audit   'camelcase-css': [ '2.0.1' ],
34 silly audit   'caniuse-lite': [ '1.0.30001751' ],
34 silly audit   chalk: [ '4.1.2' ],
34 silly audit   chokidar: [ '3.6.0' ],
34 silly audit   'glob-parent': [ '5.1.2', '6.0.2' ],
34 silly audit   'client-only': [ '0.0.1' ],
34 silly audit   'color-convert': [ '2.0.1' ],
34 silly audit   'color-name': [ '1.1.4' ],
34 silly audit   commander: [ '4.1.1' ],
34 silly audit   'concat-map': [ '0.0.1' ],
34 silly audit   'cross-spawn': [ '7.0.6' ],
34 silly audit   cssesc: [ '3.0.0' ],
34 silly audit   csstype: [ '3.1.3' ],
34 silly audit   'damerau-levenshtein': [ '1.0.8' ],
34 silly audit   'data-view-buffer': [ '1.0.2' ],
34 silly audit   'data-view-byte-length': [ '1.0.2' ],
34 silly audit   'data-view-byte-offset': [ '1.0.1' ],
34 silly audit   debug: [ '4.4.3', '3.2.7' ],
34 silly audit   'deep-is': [ '0.1.4' ],
34 silly audit   'define-data-property': [ '1.1.4' ],
34 silly audit   'define-properties': [ '1.2.1' ],
34 silly audit   didyoumean: [ '1.2.2' ],
34 silly audit   'dir-glob': [ '3.0.1' ],
34 silly audit   dlv: [ '1.1.3' ],
34 silly audit   doctrine: [ '3.0.0', '2.1.0' ],
34 silly audit   'dunder-proto': [ '1.0.1' ],
34 silly audit   eastasianwidth: [ '0.2.0' ],
34 silly audit   'electron-to-chromium': [ '1.5.240' ],
34 silly audit   'emoji-regex': [ '9.2.2', '8.0.0' ],
34 silly audit   'es-abstract': [ '1.24.0' ],
34 silly audit   'es-define-property': [ '1.0.1' ],
34 silly audit   'es-errors': [ '1.3.0' ],
34 silly audit   'es-iterator-helpers': [ '1.2.1' ],
34 silly audit   'es-object-atoms': [ '1.1.1' ],
34 silly audit   'es-set-tostringtag': [ '2.1.0' ],
34 silly audit   'es-shim-unscopables': [ '1.1.0' ],
34 silly audit   'es-to-primitive': [ '1.3.0' ],
34 silly audit   escalade: [ '3.2.0' ],
34 silly audit   'escape-string-regexp': [ '4.0.0' ],
34 silly audit   eslint: [ '8.57.0' ],
34 silly audit   'eslint-config-next': [ '14.2.5' ],
34 silly audit   'eslint-config-prettier': [ '9.1.0' ],
34 silly audit   'eslint-import-resolver-node': [ '0.3.9' ],
34 silly audit   'eslint-import-resolver-typescript': [ '3.10.1' ],
34 silly audit   'eslint-module-utils': [ '2.12.1' ],
34 silly audit   'eslint-plugin-import': [ '2.32.0' ],
34 silly audit   semver: [ '6.3.1', '7.7.3' ],
34 silly audit   'eslint-plugin-jsx-a11y': [ '6.10.2' ],
34 silly audit   'eslint-plugin-react': [ '7.37.5' ],
34 silly audit   'eslint-plugin-react-hooks': [ '5.0.0-canary-7118f5dd7-20230705' ],
34 silly audit   resolve: [ '2.0.0-next.5', '1.22.11' ],
34 silly audit   'eslint-plugin-unused-imports': [ '3.2.0' ],
34 silly audit   'eslint-rule-composer': [ '0.3.0' ],
34 silly audit   'eslint-scope': [ '7.2.2' ],
34 silly audit   'eslint-visitor-keys': [ '3.4.3' ],
34 silly audit   espree: [ '9.6.1' ],
34 silly audit   esquery: [ '1.6.0' ],
34 silly audit   esrecurse: [ '4.3.0' ],
34 silly audit   estraverse: [ '5.3.0' ],
34 silly audit   esutils: [ '2.0.3' ],
34 silly audit   'fast-deep-equal': [ '3.1.3' ],
34 silly audit   'fast-glob': [ '3.3.3' ],
34 silly audit   'fast-json-stable-stringify': [ '2.1.0' ],
34 silly audit   'fast-levenshtein': [ '2.0.6' ],
34 silly audit   fastq: [ '1.19.1' ],
34 silly audit   'file-entry-cache': [ '6.0.1' ],
34 silly audit   'fill-range': [ '7.1.1' ],
34 silly audit   'find-up': [ '5.0.0' ],
34 silly audit   'flat-cache': [ '3.2.0' ],
34 silly audit   flatted: [ '3.3.3' ],
34 silly audit   'for-each': [ '0.3.5' ],
34 silly audit   'foreground-child': [ '3.3.1' ],
34 silly audit   'fraction.js': [ '4.3.7' ],
34 silly audit   'fs.realpath': [ '1.0.0' ],
34 silly audit   fsevents: [ '2.3.3' ],
34 silly audit   'function-bind': [ '1.1.2' ],
34 silly audit   'function.prototype.name': [ '1.1.8' ],
34 silly audit   'functions-have-names': [ '1.2.3' ],
34 silly audit   'generator-function': [ '2.0.1' ],
34 silly audit   'get-intrinsic': [ '1.3.0' ],
34 silly audit   'get-proto': [ '1.0.1' ],
34 silly audit   'get-symbol-description': [ '1.1.0' ],
34 silly audit   'get-tsconfig': [ '4.13.0' ],
34 silly audit   glob: [ '10.3.10', '7.2.3' ],
34 silly audit   globals: [ '13.24.0' ],
34 silly audit   globalthis: [ '1.0.4' ],
34 silly audit   globby: [ '11.1.0' ],
34 silly audit   gopd: [ '1.2.0' ],
34 silly audit   'graceful-fs': [ '4.2.11' ],
34 silly audit   graphemer: [ '1.4.0' ],
34 silly audit   'has-bigints': [ '1.1.0' ],
34 silly audit   'has-flag': [ '4.0.0' ],
34 silly audit   'has-property-descriptors': [ '1.0.2' ],
34 silly audit   'has-proto': [ '1.2.0' ],
34 silly audit   'has-symbols': [ '1.1.0' ],
34 silly audit   'has-tostringtag': [ '1.0.2' ],
34 silly audit   hasown: [ '2.0.2' ],
34 silly audit   ignore: [ '5.3.2' ],
34 silly audit   'import-fresh': [ '3.3.1' ],
34 silly audit   imurmurhash: [ '0.1.4' ],
34 silly audit   inflight: [ '1.0.6' ],
34 silly audit   inherits: [ '2.0.4' ],
34 silly audit   'internal-slot': [ '1.1.0' ],
34 silly audit   'is-array-buffer': [ '3.0.5' ],
34 silly audit   'is-async-function': [ '2.1.1' ],
34 silly audit   'is-bigint': [ '1.1.0' ],
34 silly audit   'is-binary-path': [ '2.1.0' ],
34 silly audit   'is-boolean-object': [ '1.2.2' ],
34 silly audit   'is-bun-module': [ '2.0.0' ],
34 silly audit   'is-callable': [ '1.2.7' ],
34 silly audit   'is-core-module': [ '2.16.1' ],
34 silly audit   'is-data-view': [ '1.0.2' ],
34 silly audit   'is-date-object': [ '1.1.0' ],
34 silly audit   'is-extglob': [ '2.1.1' ],
34 silly audit   'is-finalizationregistry': [ '1.1.1' ],
34 silly audit   'is-fullwidth-code-point': [ '3.0.0' ],
34 silly audit   'is-generator-function': [ '1.1.2' ],
34 silly audit   'is-glob': [ '4.0.3' ],
34 silly audit   'is-map': [ '2.0.3' ],
34 silly audit   'is-negative-zero': [ '2.0.3' ],
34 silly audit   'is-number': [ '7.0.0' ],
34 silly audit   'is-number-object': [ '1.1.1' ],
34 silly audit   'is-path-inside': [ '3.0.3' ],
34 silly audit   'is-regex': [ '1.2.1' ],
34 silly audit   'is-set': [ '2.0.3' ],
34 silly audit   'is-shared-array-buffer': [ '1.0.4' ],
34 silly audit   'is-string': [ '1.1.1' ],
34 silly audit   'is-symbol': [ '1.1.1' ],
34 silly audit   'is-typed-array': [ '1.1.15' ],
34 silly audit   'is-weakmap': [ '2.0.2' ],
34 silly audit   'is-weakref': [ '1.1.1' ],
34 silly audit   'is-weakset': [ '2.0.4' ],
34 silly audit   isarray: [ '2.0.5' ],
34 silly audit   isexe: [ '2.0.0' ],
34 silly audit   'iterator.prototype': [ '1.1.5' ],
34 silly audit   jackspeak: [ '2.3.6' ],
34 silly audit   jiti: [ '1.21.7' ],
34 silly audit   'js-tokens': [ '4.0.0' ],
34 silly audit   'js-yaml': [ '4.1.0' ],
34 silly audit   'json-buffer': [ '3.0.1' ],
34 silly audit   'json-schema-traverse': [ '0.4.1' ],
34 silly audit   'json-stable-stringify-without-jsonify': [ '1.0.1' ],
34 silly audit   json5: [ '1.0.2' ],
34 silly audit   'jsx-ast-utils': [ '3.3.5' ],
34 silly audit   keyv: [ '4.5.4' ],
34 silly audit   'language-subtag-registry': [ '0.3.23' ],
34 silly audit   'language-tags': [ '1.0.9' ],
34 silly audit   levn: [ '0.4.1' ],
34 silly audit   lilconfig: [ '2.1.0', '3.1.3' ],
34 silly audit   'lines-and-columns': [ '1.2.4' ],
34 silly audit   'locate-path': [ '6.0.0' ],
34 silly audit   'lodash.merge': [ '4.6.2' ],
34 silly audit   'loose-envify': [ '1.4.0' ],
34 silly audit   'lru-cache': [ '10.4.3' ],
34 silly audit   'math-intrinsics': [ '1.1.0' ],
34 silly audit   merge2: [ '1.4.1' ],
34 silly audit   micromatch: [ '4.0.8' ],
34 silly audit   minimist: [ '1.2.8' ],
34 silly audit   minipass: [ '7.1.2' ],
34 silly audit   ms: [ '2.1.3' ],
34 silly audit   mz: [ '2.7.0' ],
34 silly audit   nanoid: [ '3.3.11' ],
34 silly audit   'napi-postinstall': [ '0.3.4' ],
34 silly audit   'natural-compare': [ '1.4.0' ],
34 silly audit   next: [ '14.2.5' ],
34 silly audit   postcss: [ '8.4.31', '8.4.47' ],
34 silly audit   'node-releases': [ '2.0.26' ],
34 silly audit   'normalize-path': [ '3.0.0' ],
34 silly audit   'normalize-range': [ '0.1.2' ],
34 silly audit   'object-assign': [ '4.1.1' ],
34 silly audit   'object-hash': [ '3.0.0' ],
34 silly audit   'object-inspect': [ '1.13.4' ],
34 silly audit   'object-keys': [ '1.1.1' ],
34 silly audit   'object.assign': [ '4.1.7' ],
34 silly audit   'object.entries': [ '1.1.9' ],
34 silly audit   'object.fromentries': [ '2.0.8' ],
34 silly audit   'object.groupby': [ '1.0.3' ],
34 silly audit   'object.values': [ '1.2.1' ],
34 silly audit   once: [ '1.4.0' ],
34 silly audit   optionator: [ '0.9.4' ],
34 silly audit   'own-keys': [ '1.0.1' ],
34 silly audit   'p-limit': [ '3.1.0' ],
34 silly audit   'p-locate': [ '5.0.0' ],
34 silly audit   'parent-module': [ '1.0.1' ],
34 silly audit   'path-exists': [ '4.0.0' ],
34 silly audit   'path-is-absolute': [ '1.0.1' ],
34 silly audit   'path-key': [ '3.1.1' ],
34 silly audit   'path-parse': [ '1.0.7' ],
34 silly audit   'path-scurry': [ '1.11.1' ],
34 silly audit   'path-type': [ '4.0.0' ],
34 silly audit   picocolors: [ '1.1.1' ],
34 silly audit   picomatch: [ '2.3.1', '4.0.3' ],
34 silly audit   pify: [ '2.3.0' ],
34 silly audit   pirates: [ '4.0.7' ],
34 silly audit   'possible-typed-array-names': [ '1.1.0' ],
34 silly audit   'postcss-import': [ '15.1.0' ],
34 silly audit   'postcss-js': [ '4.1.0' ],
34 silly audit   'postcss-nested': [ '6.2.0' ],
34 silly audit   'postcss-selector-parser': [ '6.1.2' ],
34 silly audit   'postcss-value-parser': [ '4.2.0' ],
34 silly audit   'prelude-ls': [ '1.2.1' ],
34 silly audit   prettier: [ '3.3.3' ],
34 silly audit   'prop-types': [ '15.8.1' ],
34 silly audit   punycode: [ '2.3.1' ],
34 silly audit   'queue-microtask': [ '1.2.3' ],
34 silly audit   react: [ '18.2.0' ],
34 silly audit   'react-dom': [ '18.2.0' ],
34 silly audit   'react-is': [ '16.13.1' ],
34 silly audit   'read-cache': [ '1.0.0' ],
34 silly audit   readdirp: [ '3.6.0' ],
34 silly audit   'reflect.getprototypeof': [ '1.0.10' ],
34 silly audit   'regexp.prototype.flags': [ '1.5.4' ],
34 silly audit   'resolve-from': [ '4.0.0' ],
34 silly audit   'resolve-pkg-maps': [ '1.0.0' ],
34 silly audit   reusify: [ '1.1.0' ],
34 silly audit   rimraf: [ '3.0.2' ],
34 silly audit   'run-parallel': [ '1.2.0' ],
34 silly audit   'safe-array-concat': [ '1.1.3' ],
34 silly audit   'safe-push-apply': [ '1.0.0' ],
34 silly audit   'safe-regex-test': [ '1.1.0' ],
34 silly audit   scheduler: [ '0.23.2' ],
34 silly audit   'set-function-length': [ '1.2.2' ],
34 silly audit   'set-function-name': [ '2.0.2' ],
34 silly audit   'set-proto': [ '1.0.0' ],
34 silly audit   'shebang-command': [ '2.0.0' ],
34 silly audit   'shebang-regex': [ '3.0.0' ],
34 silly audit   'side-channel': [ '1.1.0' ],
34 silly audit   'side-channel-list': [ '1.0.0' ],
34 silly audit   'side-channel-map': [ '1.0.1' ],
34 silly audit   'side-channel-weakmap': [ '1.0.2' ],
34 silly audit   'signal-exit': [ '4.1.0' ],
34 silly audit   slash: [ '3.0.0' ],
34 silly audit   'source-map-js': [ '1.2.1' ],
34 silly audit   'stable-hash': [ '0.0.5' ],
34 silly audit   'stop-iteration-iterator': [ '1.1.0' ],
34 silly audit   streamsearch: [ '1.1.0' ],
34 silly audit   'string-width': [ '5.1.2', '4.2.3' ],
34 silly audit   'string.prototype.includes': [ '2.0.1' ],
34 silly audit   'string.prototype.matchall': [ '4.0.12' ],
34 silly audit   'string.prototype.repeat': [ '1.0.0' ],
34 silly audit   'string.prototype.trim': [ '1.2.10' ],
34 silly audit   'string.prototype.trimend': [ '1.0.9' ],
34 silly audit   'string.prototype.trimstart': [ '1.0.8' ],
34 silly audit   'strip-bom': [ '3.0.0' ],
34 silly audit   'strip-json-comments': [ '3.1.1' ],
34 silly audit   'styled-jsx': [ '5.1.1' ],
34 silly audit   sucrase: [ '3.35.0' ],
34 silly audit   'supports-color': [ '7.2.0' ],
34 silly audit   'supports-preserve-symlinks-flag': [ '1.0.0' ],
34 silly audit   swr: [ '2.2.5' ],
34 silly audit   tailwindcss: [ '3.4.12' ],
34 silly audit   'postcss-load-config': [ '4.0.2' ],
34 silly audit   'text-table': [ '0.2.0' ],
34 silly audit   thenify: [ '3.3.1' ],
34 silly audit   'thenify-all': [ '1.6.0' ],
34 silly audit   tinyglobby: [ '0.2.15' ],
34 silly audit   fdir: [ '6.5.0' ],
34 silly audit   'to-regex-range': [ '5.0.1' ],
34 silly audit   'ts-api-utils': [ '1.4.3' ],
34 silly audit   'ts-interface-checker': [ '0.1.13' ],
34 silly audit   'tsconfig-paths': [ '3.15.0' ],
34 silly audit   tslib: [ '2.8.1' ],
34 silly audit   'type-check': [ '0.4.0' ],
34 silly audit   'type-fest': [ '0.20.2' ],
34 silly audit   'typed-array-buffer': [ '1.0.3' ],
34 silly audit   'typed-array-byte-length': [ '1.0.3' ],
34 silly audit   'typed-array-byte-offset': [ '1.0.4' ],
34 silly audit   'typed-array-length': [ '1.0.7' ],
34 silly audit   typescript: [ '5.4.5' ],
34 silly audit   'unbox-primitive': [ '1.1.0' ],
34 silly audit   'undici-types': [ '5.26.5' ],
34 silly audit   'unrs-resolver': [ '1.11.1' ],
34 silly audit   'update-browserslist-db': [ '1.1.4' ],
34 silly audit   'uri-js': [ '4.4.1' ],
34 silly audit   'use-sync-external-store': [ '1.6.0' ],
34 silly audit   'util-deprecate': [ '1.0.2' ],
34 silly audit   which: [ '2.0.2' ],
34 silly audit   'which-boxed-primitive': [ '1.1.1' ],
34 silly audit   'which-builtin-type': [ '1.2.1' ],
34 silly audit   'which-collection': [ '1.0.2' ],
34 silly audit   'which-typed-array': [ '1.1.19' ],
34 silly audit   'word-wrap': [ '1.2.5' ],
34 silly audit   'wrap-ansi': [ '8.1.0', '7.0.0' ],
34 silly audit   wrappy: [ '1.0.2' ],
34 silly audit   yaml: [ '2.8.1' ],
34 silly audit   'yocto-queue': [ '0.1.0' ],
34 silly audit   'chart.js': [ '4.5.1' ],
34 silly audit   'react-chartjs-2': [ '5.3.0' ],
34 silly audit   '@kurkle/color': [ '0.3.4' ]
34 silly audit }
35 verbose reify failed optional dependency D:\CODE\qrpo\frontend\node_modules\fsevents
36 silly reify mark deleted [ 'D:\\CODE\\qrpo\\frontend\\node_modules\\fsevents' ]
37 verbose reify failed optional dependency D:\CODE\qrpo\frontend\node_modules\@unrs\resolver-binding-win32-ia32-msvc
38 silly reify mark deleted [
38 silly reify   'D:\\CODE\\qrpo\\frontend\\node_modules\\@unrs\\resolver-binding-win32-ia32-msvc'
38 silly reify ]
39 verbose reify failed optional dependency D:\CODE\qrpo\frontend\node_modules\@unrs\resolver-binding-win32-arm64-msvc
40 silly reify mark deleted [
40 silly reify   'D:\\CODE\\qrpo\\frontend\\node_modules\\@unrs\\resolver-binding-win32-arm64-msvc'
40 silly reify ]
41 verbose reify failed optional dependency D:\CODE\qrpo\frontend\node_modules\@unrs\resolver-binding-wasm32-wasi
42 silly reify mark deleted [
42 silly reify   'D:\\CODE\\qrpo\\frontend\\node_modules\\@unrs\\resolver-binding-wasm32-wasi'
42 silly reify ]
43 verbose reify failed optional dependency D:\CODE\qrpo\frontend\node_modules\@napi-rs\wasm-runtime
44 silly reify mark deleted [ 'D:\\CODE\\qrpo\\frontend\\node_modules\\@napi-rs\\wasm-runtime' ]
45 verbose reify failed optional dependency D:\CODE\qrpo\frontend\node_modules\@emnapi\core
46 silly reify mark deleted [ 'D:\\CODE\\qrpo\\frontend\\node_modules\\@emnapi\\core' ]
47 verbose reify failed optional dependency D:\CODE\qrpo\frontend\node_modules\@emnapi\runtime
48 silly reify mark deleted [ 'D:\\CODE\\qrpo\\frontend\\node_modules\\@emnapi\\runtime' ]
49 verbose reify failed optional dependency D:\CODE\qrpo\frontend\node_modules\@tybys\wasm-util
50 silly reify mark deleted [ 'D:\\CODE\\qrpo\\frontend\\node_modules\\@tybys\\wasm-util' ]
51 verbose reify failed optional dependency D:\CODE\qrpo\frontend\node_modules\@emnapi\wasi-threads
52 silly reify mark deleted [ 'D:\\CODE\\qrpo\\frontend\\node_modules\\@emnapi\\wasi-threads' ]
53 verbose reify failed optional dependency D:\CODE\qrpo\frontend\node_modules\@unrs\resolver-binding-linux-x64-musl
54 silly reify mark deleted [
54 silly reify   'D:\\CODE\\qrpo\\frontend\\node_modules\\@unrs\\resolver-binding-linux-x64-musl'
54 silly reify ]
55 verbose reify failed optional dependency D:\CODE\qrpo\frontend\node_modules\@unrs\resolver-binding-linux-x64-gnu
56 silly reify mark deleted [
56 silly reify   'D:\\CODE\\qrpo\\frontend\\node_modules\\@unrs\\resolver-binding-linux-x64-gnu'
56 silly reify ]
57 verbose reify failed optional dependency D:\CODE\qrpo\frontend\node_modules\@unrs\resolver-binding-linux-s390x-gnu
58 silly reify mark deleted [
58 silly reify   'D:\\CODE\\qrpo\\frontend\\node_modules\\@unrs\\resolver-binding-linux-s390x-gnu'
58 silly reify ]
59 verbose reify failed optional dependency D:\CODE\qrpo\frontend\node_modules\@unrs\resolver-binding-linux-riscv64-musl
60 silly reify mark deleted [
60 silly reify   'D:\\CODE\\qrpo\\frontend\\node_modules\\@unrs\\resolver-binding-linux-riscv64-musl'
60 silly reify ]
61 verbose reify failed optional dependency D:\CODE\qrpo\frontend\node_modules\@unrs\resolver-binding-linux-riscv64-gnu
62 silly reify mark deleted [
62 silly reify   'D:\\CODE\\qrpo\\frontend\\node_modules\\@unrs\\resolver-binding-linux-riscv64-gnu'
62 silly reify ]
63 verbose reify failed optional dependency D:\CODE\qrpo\frontend\node_modules\@unrs\resolver-binding-linux-ppc64-gnu
64 silly reify mark deleted [
64 silly reify   'D:\\CODE\\qrpo\\frontend\\node_modules\\@unrs\\resolver-binding-linux-ppc64-gnu'
64 silly reify ]
65 verbose reify failed optional dependency D:\CODE\qrpo\frontend\node_modules\@unrs\resolver-binding-linux-arm64-musl
66 silly reify mark deleted [
66 silly reify   'D:\\CODE\\qrpo\\frontend\\node_modules\\@unrs\\resolver-binding-linux-arm64-musl'
66 silly reify ]
67 verbose reify failed optional dependency D:\CODE\qrpo\frontend\node_modules\@unrs\resolver-binding-linux-arm64-gnu
68 silly reify mark deleted [
68 silly reify   'D:\\CODE\\qrpo\\frontend\\node_modules\\@unrs\\resolver-binding-linux-arm64-gnu'
68 silly reify ]
69 verbose reify failed optional dependency D:\CODE\qrpo\frontend\node_modules\@unrs\resolver-binding-linux-arm-musleabihf
70 silly reify mark deleted [
70 silly reify   'D:\\CODE\\qrpo\\frontend\\node_modules\\@unrs\\resolver-binding-linux-arm-musleabihf'
70 silly reify ]
71 verbose reify failed optional dependency D:\CODE\qrpo\frontend\node_modules\@unrs\resolver-binding-linux-arm-gnueabihf
72 silly reify mark deleted [
72 silly reify   'D:\\CODE\\qrpo\\frontend\\node_modules\\@unrs\\resolver-binding-linux-arm-gnueabihf'
72 silly reify ]
73 verbose reify failed optional dependency D:\CODE\qrpo\frontend\node_modules\@unrs\resolver-binding-freebsd-x64
74 silly reify mark deleted [
74 silly reify   'D:\\CODE\\qrpo\\frontend\\node_modules\\@unrs\\resolver-binding-freebsd-x64'
74 silly reify ]
75 verbose reify failed optional dependency D:\CODE\qrpo\frontend\node_modules\@unrs\resolver-binding-darwin-x64
76 silly reify mark deleted [
76 silly reify   'D:\\CODE\\qrpo\\frontend\\node_modules\\@unrs\\resolver-binding-darwin-x64'
76 silly reify ]
77 verbose reify failed optional dependency D:\CODE\qrpo\frontend\node_modules\@unrs\resolver-binding-darwin-arm64
78 silly reify mark deleted [
78 silly reify   'D:\\CODE\\qrpo\\frontend\\node_modules\\@unrs\\resolver-binding-darwin-arm64'
78 silly reify ]
79 verbose reify failed optional dependency D:\CODE\qrpo\frontend\node_modules\@unrs\resolver-binding-android-arm64
80 silly reify mark deleted [
80 silly reify   'D:\\CODE\\qrpo\\frontend\\node_modules\\@unrs\\resolver-binding-android-arm64'
80 silly reify ]
81 verbose reify failed optional dependency D:\CODE\qrpo\frontend\node_modules\@unrs\resolver-binding-android-arm-eabi
82 silly reify mark deleted [
82 silly reify   'D:\\CODE\\qrpo\\frontend\\node_modules\\@unrs\\resolver-binding-android-arm-eabi'
82 silly reify ]
83 verbose reify failed optional dependency D:\CODE\qrpo\frontend\node_modules\@next\swc-win32-ia32-msvc
84 silly reify mark deleted [
84 silly reify   'D:\\CODE\\qrpo\\frontend\\node_modules\\@next\\swc-win32-ia32-msvc'
84 silly reify ]
85 verbose reify failed optional dependency D:\CODE\qrpo\frontend\node_modules\@next\swc-win32-arm64-msvc
86 silly reify mark deleted [
86 silly reify   'D:\\CODE\\qrpo\\frontend\\node_modules\\@next\\swc-win32-arm64-msvc'
86 silly reify ]
87 verbose reify failed optional dependency D:\CODE\qrpo\frontend\node_modules\@next\swc-linux-x64-musl
88 silly reify mark deleted [ 'D:\\CODE\\qrpo\\frontend\\node_modules\\@next\\swc-linux-x64-musl' ]
89 verbose reify failed optional dependency D:\CODE\qrpo\frontend\node_modules\@next\swc-linux-x64-gnu
90 silly reify mark deleted [ 'D:\\CODE\\qrpo\\frontend\\node_modules\\@next\\swc-linux-x64-gnu' ]
91 verbose reify failed optional dependency D:\CODE\qrpo\frontend\node_modules\@next\swc-linux-arm64-musl
92 silly reify mark deleted [
92 silly reify   'D:\\CODE\\qrpo\\frontend\\node_modules\\@next\\swc-linux-arm64-musl'
92 silly reify ]
93 verbose reify failed optional dependency D:\CODE\qrpo\frontend\node_modules\@next\swc-linux-arm64-gnu
94 silly reify mark deleted [
94 silly reify   'D:\\CODE\\qrpo\\frontend\\node_modules\\@next\\swc-linux-arm64-gnu'
94 silly reify ]
95 verbose reify failed optional dependency D:\CODE\qrpo\frontend\node_modules\@next\swc-darwin-x64
96 silly reify mark deleted [ 'D:\\CODE\\qrpo\\frontend\\node_modules\\@next\\swc-darwin-x64' ]
97 verbose reify failed optional dependency D:\CODE\qrpo\frontend\node_modules\@next\swc-darwin-arm64
98 silly reify mark deleted [ 'D:\\CODE\\qrpo\\frontend\\node_modules\\@next\\swc-darwin-arm64' ]
99 http cache @kurkle/color@https://registry.npmjs.org/@kurkle/color/-/color-0.3.4.tgz 0ms (cache hit)
100 http cache @tybys/wasm-util@https://registry.npmjs.org/@tybys/wasm-util/-/wasm-util-0.10.1.tgz 0ms (cache hit)
101 http cache @napi-rs/wasm-runtime@https://registry.npmjs.org/@napi-rs/wasm-runtime/-/wasm-runtime-0.2.12.tgz 0ms (cache hit)
102 http cache @emnapi/runtime@https://registry.npmjs.org/@emnapi/runtime/-/runtime-1.6.0.tgz 0ms (cache hit)
103 http cache chart.js@https://registry.npmjs.org/chart.js/-/chart.js-4.5.1.tgz 0ms (cache hit)
104 http cache react-chartjs-2@https://registry.npmjs.org/react-chartjs-2/-/react-chartjs-2-5.3.0.tgz 0ms (cache hit)
105 silly tarball no local data for @kurkle/color@https://registry.npmjs.org/@kurkle/color/-/color-0.3.4.tgz. Extracting by manifest.
106 http cache @emnapi/wasi-threads@https://registry.npmjs.org/@emnapi/wasi-threads/-/wasi-threads-1.1.0.tgz 0ms (cache hit)
107 http cache @emnapi/core@https://registry.npmjs.org/@emnapi/core/-/core-1.6.0.tgz 0ms (cache hit)
108 silly tarball no local data for chart.js@https://registry.npmjs.org/chart.js/-/chart.js-4.5.1.tgz. Extracting by manifest.
109 silly tarball no local data for react-chartjs-2@https://registry.npmjs.org/react-chartjs-2/-/react-chartjs-2-5.3.0.tgz. Extracting by manifest.
110 http fetch POST 200 https://registry.npmjs.org/-/npm/v1/security/advisories/bulk 146ms
111 silly audit report {
111 silly audit report   next: [
111 silly audit report     {
111 silly audit report       id: 1099638,
111 silly audit report       url: 'https://github.com/advisories/GHSA-gp8f-8m3g-qvj9',
111 silly audit report       title: 'Next.js Cache Poisoning',
111 silly audit report       severity: 'high',
111 silly audit report       vulnerable_versions: '>=14.0.0 <14.2.10',
111 silly audit report       cwe: [Array],
111 silly audit report       cvss: [Object]
111 silly audit report     },
111 silly audit report     {
111 silly audit report       id: 1100421,
111 silly audit report       url: 'https://github.com/advisories/GHSA-g77x-44xx-532m',
111 silly audit report       title: 'Denial of Service condition in Next.js image optimization',
111 silly audit report       severity: 'moderate',
111 silly audit report       vulnerable_versions: '>=10.0.0 <14.2.7',
111 silly audit report       cwe: [Array],
111 silly audit report       cvss: [Object]
111 silly audit report     },
111 silly audit report     {
111 silly audit report       id: 1101438,
111 silly audit report       url: 'https://github.com/advisories/GHSA-7m27-7ghc-44w9',
111 silly audit report       title: 'Next.js Allows a Denial of Service (DoS) with Server Actions',
111 silly audit report       severity: 'moderate',
111 silly audit report       vulnerable_versions: '>=14.0.0 <14.2.21',
111 silly audit report       cwe: [Array],
111 silly audit report       cvss: [Object]
111 silly audit report     },
111 silly audit report     {
111 silly audit report       id: 1105461,
111 silly audit report       url: 'https://github.com/advisories/GHSA-3h52-269p-cp9r',
111 silly audit report       title: 'Information exposure in Next.js dev server due to lack of origin verification',
111 silly audit report       severity: 'low',
111 silly audit report       vulnerable_versions: '>=13.0 <14.2.30',
111 silly audit report       cwe: [Array],
111 silly audit report       cvss: [Object]
111 silly audit report     },
111 silly audit report     {
111 silly audit report       id: 1107226,
111 silly audit report       url: 'https://github.com/advisories/GHSA-g5qg-72qw-gw5v',
111 silly audit report       title: 'Next.js Affected by Cache Key Confusion for Image Optimization API Routes',
111 silly audit report       severity: 'moderate',
111 silly audit report       vulnerable_versions: '>=0.9.9 <14.2.31',
111 silly audit report       cwe: [Array],
111 silly audit report       cvss: [Object]
111 silly audit report     },
111 silly audit report     {
111 silly audit report       id: 1107420,
111 silly audit report       url: 'https://github.com/advisories/GHSA-7gfc-8cq8-jh5f',
111 silly audit report       title: 'Next.js authorization bypass vulnerability',
111 silly audit report       severity: 'high',
111 silly audit report       vulnerable_versions: '>=9.5.5 <14.2.15',
111 silly audit report       cwe: [Array],
111 silly audit report       cvss: [Object]
111 silly audit report     },
111 silly audit report     {
111 silly audit report       id: 1107512,
111 silly audit report       url: 'https://github.com/advisories/GHSA-4342-x723-ch2f',
111 silly audit report       title: 'Next.js Improper Middleware Redirect Handling Leads to SSRF',
111 silly audit report       severity: 'moderate',
111 silly audit report       vulnerable_versions: '>=0.9.9 <14.2.32',
111 silly audit report       cwe: [Array],
111 silly audit report       cvss: [Object]
111 silly audit report     },
111 silly audit report     {
111 silly audit report       id: 1107513,
111 silly audit report       url: 'https://github.com/advisories/GHSA-xv57-4mr9-wg8v',
111 silly audit report       title: 'Next.js Content Injection Vulnerability for Image Optimization',
111 silly audit report       severity: 'moderate',
111 silly audit report       vulnerable_versions: '>=0.9.9 <14.2.31',
111 silly audit report       cwe: [Array],
111 silly audit report       cvss: [Object]
111 silly audit report     },
111 silly audit report     {
111 silly audit report       id: 1108291,
111 silly audit report       url: 'https://github.com/advisories/GHSA-qpjv-v59x-3qc4',
111 silly audit report       title: 'Next.js Race Condition to Cache Poisoning',
111 silly audit report       severity: 'low',
111 silly audit report       vulnerable_versions: '>=0.9.9 <14.2.24',
111 silly audit report       cwe: [Array],
111 silly audit report       cvss: [Object]
111 silly audit report     },
111 silly audit report     {
111 silly audit report       id: 1108953,
111 silly audit report       url: 'https://github.com/advisories/GHSA-f82v-jwr5-mffw',
111 silly audit report       title: 'Authorization Bypass in Next.js Middleware',
111 silly audit report       severity: 'critical',
111 silly audit report       vulnerable_versions: '>=14.0.0 <14.2.25',
111 silly audit report       cwe: [Array],
111 silly audit report       cvss: [Object]
111 silly audit report     }
111 silly audit report   ]
111 silly audit report }
112 silly packumentCache corgi:https://registry.npmjs.org/next cache-miss
113 http fetch GET 200 https://registry.npmjs.org/next 253ms (cache revalidated)
114 silly packumentCache corgi:https://registry.npmjs.org/next set size:22255333 disposed:false
115 http fetch GET 200 https://registry.npmjs.org/@kurkle/color/-/color-0.3.4.tgz 1401ms (cache miss)
116 http fetch GET 200 https://registry.npmjs.org/react-chartjs-2/-/react-chartjs-2-5.3.0.tgz 1459ms (cache miss)
117 http fetch GET 200 https://registry.npmjs.org/chart.js/-/chart.js-4.5.1.tgz 1920ms (cache miss)
118 silly ADD node_modules/@kurkle/color
119 silly ADD node_modules/react-chartjs-2
120 silly ADD node_modules/chart.js
121 silly ADD
122 silly ADD
123 silly ADD
124 silly ADD
125 silly ADD
126 silly ADD
127 silly ADD
128 silly ADD
129 silly ADD
130 silly ADD
131 silly ADD
132 silly ADD
133 silly ADD
134 silly ADD
135 silly ADD
136 silly ADD
137 silly ADD
138 silly ADD
139 silly ADD
140 silly ADD
141 silly ADD
142 silly ADD
143 silly ADD
144 silly ADD
145 silly ADD
146 silly ADD
147 silly ADD
148 silly ADD
149 silly ADD
150 silly ADD
151 silly ADD
152 silly ADD
153 verbose cwd D:\CODE\qrpo\frontend
154 verbose os Windows_NT 10.0.19045
155 verbose node v22.16.0
156 verbose npm  v10.9.2
157 verbose exit 0
158 info ok
